Aptoide6/branches/fortumoreviews/AptoideFortumo/build/outputs/apk/manifest-merger-debug-report.txt
-- Merging decision tree log ---
manifest
ADDED from AndroidManifest.xml:1:1
	xmlns:android
		ADDED from AndroidManifest.xml:1:11
	package
		ADDED from AndroidManifest.xml:1:70
		INJECTED from AndroidManifest.xml:0:0
		INJECTED from AndroidManifest.xml:0:0
	android:versionName
		INJECTED from AndroidManifest.xml:0:0
		INJECTED from AndroidManifest.xml:0:0
	android:versionCode
		INJECTED from AndroidManifest.xml:0:0
		INJECTED from AndroidManifest.xml:0:0
uses-permission#android.permission.INTERNET
ADDED from AndroidManifest.xml:3:5
	android:name
		ADDED from AndroidManifest.xml:3:22
uses-permission#android.permission.ACCESS_NETWORK_STATE
ADDED from AndroidManifest.xml:4:5
	android:name
		ADDED from AndroidManifest.xml:4:22
uses-permission#android.permission.READ_PHONE_STATE
ADDED from AndroidManifest.xml:5:5
	android:name
		ADDED from AndroidManifest.xml:5:22
permission#org.onepf.openiab.permission.BILLING
ADDED from AndroidManifest.xml:7:5
	android:label
		ADDED from AndroidManifest.xml:7:17
	android:protectionLevel
		ADDED from AndroidManifest.xml:7:108
	android:name
		ADDED from AndroidManifest.xml:7:56
uses-permission#android.permission.RECEIVE_SMS
ADDED from AndroidManifest.xml:9:5
	android:name
		ADDED from AndroidManifest.xml:9:22
uses-permission#android.permission.SEND_SMS
ADDED from AndroidManifest.xml:10:5
	android:name
		ADDED from AndroidManifest.xml:10:22
permission#cm.aptoide.ptdev.PAYMENT_BROADCAST_PERMISSION
ADDED from AndroidManifest.xml:13:5
	android:label
		ADDED from AndroidManifest.xml:14:9
	android:protectionLevel
		ADDED from AndroidManifest.xml:15:9
	android:name
		ADDED from AndroidManifest.xml:13:17
uses-permission#cm.aptoide.ptdev.PAYMENT_BROADCAST_PERMISSION
ADDED from AndroidManifest.xml:17:5
	android:name
		ADDED from AndroidManifest.xml:17:22
uses-feature#android.hardware.telephony
ADDED from AndroidManifest.xml:19:5
	android:required
		ADDED from AndroidManifest.xml:19:61
	android:name
		ADDED from AndroidManifest.xml:19:19
application
ADDED from AndroidManifest.xml:22:5
	android:label
		ADDED from AndroidManifest.xml:22:45
	android:allowBackup
		ADDED from AndroidManifest.xml:22:18
	android:icon
		ADDED from AndroidManifest.xml:23:9
	android:theme
		ADDED from AndroidManifest.xml:23:44
service#cm.aptoide.ptdev.FortumoPaymentService
ADDED from AndroidManifest.xml:25:9
	android:exported
		ADDED from AndroidManifest.xml:25:56
	android:name
		ADDED from AndroidManifest.xml:25:18
intent-filter#Aptoide.FortumoPaymentService
ADDED from AndroidManifest.xml:26:13
action#Aptoide.FortumoPaymentService
ADDED from AndroidManifest.xml:27:17
	android:name
		ADDED from AndroidManifest.xml:27:25
receiver#mp.MpSMSReceiver
ADDED from AndroidManifest.xml:31:9
	android:name
		ADDED from AndroidManifest.xml:31:19
intent-filter#android.provider.Telephony.SMS_RECEIVED
ADDED from AndroidManifest.xml:32:13
action#android.provider.Telephony.SMS_RECEIVED
ADDED from AndroidManifest.xml:33:17
	android:name
		ADDED from AndroidManifest.xml:33:25
service#mp.MpService
ADDED from AndroidManifest.xml:36:9
	android:name
		ADDED from AndroidManifest.xml:36:18
service#mp.StatusUpdateService
ADDED from AndroidManifest.xml:37:9
	android:name
		ADDED from AndroidManifest.xml:37:18
activity#mp.MpActivity
ADDED from AndroidManifest.xml:38:9
	android:configChanges
		ADDED from AndroidManifest.xml:40:13
	android:theme
		ADDED from AndroidManifest.xml:39:13
	android:name
		ADDED from AndroidManifest.xml:38:19
receiver#cm.aptoide.ptdev.FortumoPaymentActivity$MyReceiver
ADDED from AndroidManifest.xml:42:9
	android:permission
		ADDED from AndroidManifest.xml:43:13
	android:name
		ADDED from AndroidManifest.xml:42:19
intent-filter#mp.info.PAYMENT_STATUS_CHANGED
ADDED from AndroidManifest.xml:44:13
action#mp.info.PAYMENT_STATUS_CHANGED
ADDED from AndroidManifest.xml:45:17
	android:name
		ADDED from AndroidManifest.xml:45:25
activity#cm.aptoide.ptdev.FortumoPaymentActivity
ADDED from AndroidManifest.xml:49:9
	android:noHistory
		ADDED from AndroidManifest.xml:49:74
	android:name
		ADDED from AndroidManifest.xml:49:19
uses-sdk
INJECTED from AndroidManifest.xml:0:0 reason: use-sdk injection requested
	android:targetSdkVersion
		INJECTED from AndroidManifest.xml:0:0
		INJECTED from AndroidManifest.xml:0:0
	android:minSdkVersion
		INJECTED from AndroidManifest.xml:0:0
		INJECTED from AndroidManifest.xml:0:0